Analysis & Synthesis report for alu
Fri Jul 08 07:27:35 2022
Quartus Prime Version 20.1.0 Build 711 06/05/2020 SJ Lite Edition


---------------------
; Table of Contents ;
---------------------
  1. Legal Notice
  2. Analysis & Synthesis Summary
  3. Analysis & Synthesis Settings
  4. Parallel Compilation
  5. Analysis & Synthesis Source Files Read
  6. Analysis & Synthesis Resource Usage Summary
  7. Analysis & Synthesis Resource Utilization by Entity
  8. General Register Statistics
  9. Multiplexer Restructuring Statistics (Restructuring Performed)
 10. Port Connectivity Checks: "alu:arithmetic_logical_unit|flag_controller:flag"
 11. Analysis & Synthesis Messages



----------------
; Legal Notice ;
----------------
Copyright (C) 2020  Intel Corporation. All rights reserved.
Your use of Intel Corporation's design tools, logic functions 
and other software and tools, and any partner logic 
functions, and any output files from any of the foregoing 
(including device programming or simulation files), and any 
associated documentation or information are expressly subject 
to the terms and conditions of the Intel Program License 
Subscription Agreement, the Intel Quartus Prime License Agreement,
the Intel FPGA IP License Agreement, or other applicable license
agreement, including, without limitation, that your use is for
the sole purpose of programming logic devices manufactured by
Intel and sold by Intel or its authorized distributors.  Please
refer to the applicable agreement for further details, at
https://fpgasoftware.intel.com/eula.



+---------------------------------------------------------------------------+
; Analysis & Synthesis Summary                                              ;
+-----------------------------+---------------------------------------------+
; Analysis & Synthesis Status ; Successful - Fri Jul 08 07:27:35 2022       ;
; Quartus Prime Version       ; 20.1.0 Build 711 06/05/2020 SJ Lite Edition ;
; Revision Name               ; alu                                         ;
; Top-level Entity Name       ; design                                      ;
; Family                      ; MAX V                                       ;
; Total logic elements        ; 77                                          ;
; Total pins                  ; 28                                          ;
; Total virtual pins          ; 0                                           ;
; UFM blocks                  ; 0 / 1 ( 0 % )                               ;
+-----------------------------+---------------------------------------------+


+------------------------------------------------------------------------------------------------------------+
; Analysis & Synthesis Settings                                                                              ;
+------------------------------------------------------------------+--------------------+--------------------+
; Option                                                           ; Setting            ; Default Value      ;
+------------------------------------------------------------------+--------------------+--------------------+
; Device                                                           ; 5M1270ZT144C5      ;                    ;
; Top-level entity name                                            ; design             ; alu                ;
; Family name                                                      ; MAX V              ; Cyclone V          ;
; Use smart compilation                                            ; Off                ; Off                ;
; Enable parallel Assembler and Timing Analyzer during compilation ; On                 ; On                 ;
; Enable compact report table                                      ; Off                ; Off                ;
; Restructure Multiplexers                                         ; Auto               ; Auto               ;
; Create Debugging Nodes for IP Cores                              ; Off                ; Off                ;
; Preserve fewer node names                                        ; On                 ; On                 ;
; Intel FPGA IP Evaluation Mode                                    ; Enable             ; Enable             ;
; Verilog Version                                                  ; Verilog_2001       ; Verilog_2001       ;
; VHDL Version                                                     ; VHDL_1993          ; VHDL_1993          ;
; State Machine Processing                                         ; Auto               ; Auto               ;
; Safe State Machine                                               ; Off                ; Off                ;
; Extract Verilog State Machines                                   ; On                 ; On                 ;
; Extract VHDL State Machines                                      ; On                 ; On                 ;
; Ignore Verilog initial constructs                                ; Off                ; Off                ;
; Iteration limit for constant Verilog loops                       ; 5000               ; 5000               ;
; Iteration limit for non-constant Verilog loops                   ; 250                ; 250                ;
; Add Pass-Through Logic to Inferred RAMs                          ; On                 ; On                 ;
; Infer RAMs from Raw Logic                                        ; On                 ; On                 ;
; Parallel Synthesis                                               ; On                 ; On                 ;
; NOT Gate Push-Back                                               ; On                 ; On                 ;
; Power-Up Don't Care                                              ; On                 ; On                 ;
; Remove Redundant Logic Cells                                     ; Off                ; Off                ;
; Remove Duplicate Registers                                       ; On                 ; On                 ;
; Ignore CARRY Buffers                                             ; Off                ; Off                ;
; Ignore CASCADE Buffers                                           ; Off                ; Off                ;
; Ignore GLOBAL Buffers                                            ; Off                ; Off                ;
; Ignore ROW GLOBAL Buffers                                        ; Off                ; Off                ;
; Ignore LCELL Buffers                                             ; Off                ; Off                ;
; Ignore SOFT Buffers                                              ; On                 ; On                 ;
; Limit AHDL Integers to 32 Bits                                   ; Off                ; Off                ;
; Optimization Technique                                           ; Balanced           ; Balanced           ;
; Carry Chain Length                                               ; 70                 ; 70                 ;
; Auto Carry Chains                                                ; On                 ; On                 ;
; Auto Open-Drain Pins                                             ; On                 ; On                 ;
; Perform WYSIWYG Primitive Resynthesis                            ; Off                ; Off                ;
; Auto Shift Register Replacement                                  ; Auto               ; Auto               ;
; Allow Shift Register Merging across Hierarchies                  ; Auto               ; Auto               ;
; Auto Clock Enable Replacement                                    ; On                 ; On                 ;
; Allow Synchronous Control Signals                                ; On                 ; On                 ;
; Force Use of Synchronous Clear Signals                           ; Off                ; Off                ;
; Auto Resource Sharing                                            ; Off                ; Off                ;
; Use LogicLock Constraints during Resource Balancing              ; On                 ; On                 ;
; Ignore translate_off and synthesis_off directives                ; Off                ; Off                ;
; Report Parameter Settings                                        ; On                 ; On                 ;
; Report Source Assignments                                        ; On                 ; On                 ;
; Report Connectivity Checks                                       ; On                 ; On                 ;
; Ignore Maximum Fan-Out Assignments                               ; Off                ; Off                ;
; Synchronization Register Chain Length                            ; 2                  ; 2                  ;
; Power Optimization During Synthesis                              ; Normal compilation ; Normal compilation ;
; HDL message level                                                ; Level2             ; Level2             ;
; Suppress Register Optimization Related Messages                  ; Off                ; Off                ;
; Number of Removed Registers Reported in Synthesis Report         ; 5000               ; 5000               ;
; Number of Swept Nodes Reported in Synthesis Report               ; 5000               ; 5000               ;
; Number of Inverted Registers Reported in Synthesis Report        ; 100                ; 100                ;
; Clock MUX Protection                                             ; On                 ; On                 ;
; Block Design Naming                                              ; Auto               ; Auto               ;
; Synthesis Effort                                                 ; Auto               ; Auto               ;
; Shift Register Replacement - Allow Asynchronous Clear Signal     ; On                 ; On                 ;
; Analysis & Synthesis Message Level                               ; Medium             ; Medium             ;
; Disable Register Merging Across Hierarchies                      ; Auto               ; Auto               ;
+------------------------------------------------------------------+--------------------+--------------------+


+------------------------------------------+
; Parallel Compilation                     ;
+----------------------------+-------------+
; Processors                 ; Number      ;
+----------------------------+-------------+
; Number detected on machine ; 12          ;
; Maximum allowed            ; 6           ;
;                            ;             ;
; Average used               ; 1.00        ;
; Maximum used               ; 1           ;
;                            ;             ;
; Usage by Processor         ; % Time Used ;
;     Processor 1            ; 100.0%      ;
+----------------------------+-------------+


+--------------------------------------------------------------------------------------------------------------------+
; Analysis & Synthesis Source Files Read                                                                             ;
+----------------------------------+-----------------+-----------------+-----------------------------------+---------+
; File Name with User-Entered Path ; Used in Netlist ; File Type       ; File Name with Absolute Path      ; Library ;
+----------------------------------+-----------------+-----------------+-----------------------------------+---------+
; muxes.vhdl                       ; yes             ; User VHDL File  ; E:/ALU/muxes.vhdl                 ;         ;
; logical_blocks.vhdl              ; yes             ; User VHDL File  ; E:/ALU/logical_blocks.vhdl        ;         ;
; kogge_stone_lookahead.vhdl       ; yes             ; User VHDL File  ; E:/ALU/kogge_stone_lookahead.vhdl ;         ;
; kogge_stone.vhdl                 ; yes             ; User VHDL File  ; E:/ALU/kogge_stone.vhdl           ;         ;
; full_adder.vhdl                  ; yes             ; User VHDL File  ; E:/ALU/full_adder.vhdl            ;         ;
; alu.vhdl                         ; yes             ; User VHDL File  ; E:/ALU/alu.vhdl                   ;         ;
; design.vhdl                      ; yes             ; User VHDL File  ; E:/ALU/design.vhdl                ;         ;
+----------------------------------+-----------------+-----------------+-----------------------------------+---------+


+----------------------------------------------------------------+
; Analysis & Synthesis Resource Usage Summary                    ;
+---------------------------------------------+------------------+
; Resource                                    ; Usage            ;
+---------------------------------------------+------------------+
; Total logic elements                        ; 77               ;
;     -- Combinational with no register       ; 77               ;
;     -- Register only                        ; 0                ;
;     -- Combinational with a register        ; 0                ;
;                                             ;                  ;
; Logic element usage by number of LUT inputs ;                  ;
;     -- 4 input functions                    ; 49               ;
;     -- 3 input functions                    ; 19               ;
;     -- 2 input functions                    ; 9                ;
;     -- 1 input functions                    ; 0                ;
;     -- 0 input functions                    ; 0                ;
;                                             ;                  ;
; Logic elements by mode                      ;                  ;
;     -- normal mode                          ; 77               ;
;     -- arithmetic mode                      ; 0                ;
;     -- qfbk mode                            ; 0                ;
;     -- register cascade mode                ; 0                ;
;     -- synchronous clear/load mode          ; 0                ;
;     -- asynchronous clear/load mode         ; 0                ;
;                                             ;                  ;
; Total registers                             ; 0                ;
; I/O pins                                    ; 28               ;
; Maximum fan-out node                        ; input_vector[15] ;
; Maximum fan-out                             ; 31               ;
; Total fan-out                               ; 281              ;
; Average fan-out                             ; 2.68             ;
+---------------------------------------------+------------------+


+------------------------------------------------------------------------------------------------------------------------------------------------------------------------------------------------------------------------------------------------------------------------------------------------------------------------------------------+
; Analysis & Synthesis Resource Utilization by Entity                                                                                                                                                                                                                                                                                      ;
+--------------------------------------------------+-------------+--------------+------------+------+--------------+--------------+-------------------+------------------+-----------------+------------+-----------------------------------------------------------------------------------------------------+-------------+--------------+
; Compilation Hierarchy Node                       ; Logic Cells ; LC Registers ; UFM Blocks ; Pins ; Virtual Pins ; LUT-Only LCs ; Register-Only LCs ; LUT/Register LCs ; Carry Chain LCs ; Packed LCs ; Full Hierarchy Name                                                                                 ; Entity Name ; Library Name ;
+--------------------------------------------------+-------------+--------------+------------+------+--------------+--------------+-------------------+------------------+-----------------+------------+-----------------------------------------------------------------------------------------------------+-------------+--------------+
; |design                                          ; 77 (0)      ; 0            ; 0          ; 28   ; 0            ; 77 (0)       ; 0 (0)             ; 0 (0)            ; 0 (0)           ; 0 (0)      ; |design                                                                                             ; design      ; work         ;
;    |alu:arithmetic_logical_unit|                 ; 77 (0)      ; 0            ; 0          ; 0    ; 0            ; 77 (0)       ; 0 (0)             ; 0 (0)            ; 0 (0)           ; 0 (0)      ; |design|alu:arithmetic_logical_unit                                                                 ; alu         ; work         ;
;       |enabler:enable|                           ; 3 (3)       ; 0            ; 0          ; 0    ; 0            ; 3 (3)        ; 0 (0)             ; 0 (0)            ; 0 (0)           ; 0 (0)      ; |design|alu:arithmetic_logical_unit|enabler:enable                                                  ; enabler     ; work         ;
;       |kogge_stone:op6|                          ; 40 (1)      ; 0            ; 0          ; 0    ; 0            ; 40 (1)       ; 0 (0)             ; 0 (0)            ; 0 (0)           ; 0 (0)      ; |design|alu:arithmetic_logical_unit|kogge_stone:op6                                                 ; kogge_stone ; work         ;
;          |full_adder:\full_adders:0:fa|          ; 1 (1)       ; 0            ; 0          ; 0    ; 0            ; 1 (1)        ; 0 (0)             ; 0 (0)            ; 0 (0)           ; 0 (0)      ; |design|alu:arithmetic_logical_unit|kogge_stone:op6|full_adder:\full_adders:0:fa                    ; full_adder  ; work         ;
;          |full_adder:\full_adders:1:fa|          ; 2 (2)       ; 0            ; 0          ; 0    ; 0            ; 2 (2)        ; 0 (0)             ; 0 (0)            ; 0 (0)           ; 0 (0)      ; |design|alu:arithmetic_logical_unit|kogge_stone:op6|full_adder:\full_adders:1:fa                    ; full_adder  ; work         ;
;          |full_adder:\full_adders:2:fa|          ; 2 (2)       ; 0            ; 0          ; 0    ; 0            ; 2 (2)        ; 0 (0)             ; 0 (0)            ; 0 (0)           ; 0 (0)      ; |design|alu:arithmetic_logical_unit|kogge_stone:op6|full_adder:\full_adders:2:fa                    ; full_adder  ; work         ;
;          |full_adder:\full_adders:3:fa|          ; 2 (2)       ; 0            ; 0          ; 0    ; 0            ; 2 (2)        ; 0 (0)             ; 0 (0)            ; 0 (0)           ; 0 (0)      ; |design|alu:arithmetic_logical_unit|kogge_stone:op6|full_adder:\full_adders:3:fa                    ; full_adder  ; work         ;
;          |full_adder:\full_adders:4:fa|          ; 2 (2)       ; 0            ; 0          ; 0    ; 0            ; 2 (2)        ; 0 (0)             ; 0 (0)            ; 0 (0)           ; 0 (0)      ; |design|alu:arithmetic_logical_unit|kogge_stone:op6|full_adder:\full_adders:4:fa                    ; full_adder  ; work         ;
;          |full_adder:\full_adders:5:fa|          ; 2 (2)       ; 0            ; 0          ; 0    ; 0            ; 2 (2)        ; 0 (0)             ; 0 (0)            ; 0 (0)           ; 0 (0)      ; |design|alu:arithmetic_logical_unit|kogge_stone:op6|full_adder:\full_adders:5:fa                    ; full_adder  ; work         ;
;          |full_adder:\full_adders:6:fa|          ; 2 (2)       ; 0            ; 0          ; 0    ; 0            ; 2 (2)        ; 0 (0)             ; 0 (0)            ; 0 (0)           ; 0 (0)      ; |design|alu:arithmetic_logical_unit|kogge_stone:op6|full_adder:\full_adders:6:fa                    ; full_adder  ; work         ;
;          |full_adder:\full_adders:7:fa|          ; 2 (2)       ; 0            ; 0          ; 0    ; 0            ; 2 (2)        ; 0 (0)             ; 0 (0)            ; 0 (0)           ; 0 (0)      ; |design|alu:arithmetic_logical_unit|kogge_stone:op6|full_adder:\full_adders:7:fa                    ; full_adder  ; work         ;
;          |lookahead:la|                          ; 24 (0)      ; 0            ; 0          ; 0    ; 0            ; 24 (0)       ; 0 (0)             ; 0 (0)            ; 0 (0)           ; 0 (0)      ; |design|alu:arithmetic_logical_unit|kogge_stone:op6|lookahead:la                                    ; lookahead   ; work         ;
;             |black_cell:\first_layer_black:0:b0| ; 1 (1)       ; 0            ; 0          ; 0    ; 0            ; 1 (1)        ; 0 (0)             ; 0 (0)            ; 0 (0)           ; 0 (0)      ; |design|alu:arithmetic_logical_unit|kogge_stone:op6|lookahead:la|black_cell:\first_layer_black:0:b0 ; black_cell  ; work         ;
;             |black_cell:\first_layer_black:1:b0| ; 1 (1)       ; 0            ; 0          ; 0    ; 0            ; 1 (1)        ; 0 (0)             ; 0 (0)            ; 0 (0)           ; 0 (0)      ; |design|alu:arithmetic_logical_unit|kogge_stone:op6|lookahead:la|black_cell:\first_layer_black:1:b0 ; black_cell  ; work         ;
;             |black_cell:\first_layer_black:2:b0| ; 1 (1)       ; 0            ; 0          ; 0    ; 0            ; 1 (1)        ; 0 (0)             ; 0 (0)            ; 0 (0)           ; 0 (0)      ; |design|alu:arithmetic_logical_unit|kogge_stone:op6|lookahead:la|black_cell:\first_layer_black:2:b0 ; black_cell  ; work         ;
;             |black_cell:\first_layer_black:3:b0| ; 1 (1)       ; 0            ; 0          ; 0    ; 0            ; 1 (1)        ; 0 (0)             ; 0 (0)            ; 0 (0)           ; 0 (0)      ; |design|alu:arithmetic_logical_unit|kogge_stone:op6|lookahead:la|black_cell:\first_layer_black:3:b0 ; black_cell  ; work         ;
;             |black_cell:\first_layer_black:4:b0| ; 1 (1)       ; 0            ; 0          ; 0    ; 0            ; 1 (1)        ; 0 (0)             ; 0 (0)            ; 0 (0)           ; 0 (0)      ; |design|alu:arithmetic_logical_unit|kogge_stone:op6|lookahead:la|black_cell:\first_layer_black:4:b0 ; black_cell  ; work         ;
;             |black_cell:\first_layer_black:5:b0| ; 1 (1)       ; 0            ; 0          ; 0    ; 0            ; 1 (1)        ; 0 (0)             ; 0 (0)            ; 0 (0)           ; 0 (0)      ; |design|alu:arithmetic_logical_unit|kogge_stone:op6|lookahead:la|black_cell:\first_layer_black:5:b0 ; black_cell  ; work         ;
;             |black_cell:\first_layer_black:6:b0| ; 1 (1)       ; 0            ; 0          ; 0    ; 0            ; 1 (1)        ; 0 (0)             ; 0 (0)            ; 0 (0)           ; 0 (0)      ; |design|alu:arithmetic_logical_unit|kogge_stone:op6|lookahead:la|black_cell:\first_layer_black:6:b0 ; black_cell  ; work         ;
;             |black_cell:\second_layer:2:b1|      ; 1 (1)       ; 0            ; 0          ; 0    ; 0            ; 1 (1)        ; 0 (0)             ; 0 (0)            ; 0 (0)           ; 0 (0)      ; |design|alu:arithmetic_logical_unit|kogge_stone:op6|lookahead:la|black_cell:\second_layer:2:b1      ; black_cell  ; work         ;
;             |grey_cell:\grey:0:w4|               ; 2 (2)       ; 0            ; 0          ; 0    ; 0            ; 2 (2)        ; 0 (0)             ; 0 (0)            ; 0 (0)           ; 0 (0)      ; |design|alu:arithmetic_logical_unit|kogge_stone:op6|lookahead:la|grey_cell:\grey:0:w4               ; grey_cell   ; work         ;
;             |grey_cell:\grey:1:w4|               ; 1 (1)       ; 0            ; 0          ; 0    ; 0            ; 1 (1)        ; 0 (0)             ; 0 (0)            ; 0 (0)           ; 0 (0)      ; |design|alu:arithmetic_logical_unit|kogge_stone:op6|lookahead:la|grey_cell:\grey:1:w4               ; grey_cell   ; work         ;
;             |grey_cell:\grey:2:w4|               ; 2 (2)       ; 0            ; 0          ; 0    ; 0            ; 2 (2)        ; 0 (0)             ; 0 (0)            ; 0 (0)           ; 0 (0)      ; |design|alu:arithmetic_logical_unit|kogge_stone:op6|lookahead:la|grey_cell:\grey:2:w4               ; grey_cell   ; work         ;
;             |grey_cell:w0|                       ; 1 (1)       ; 0            ; 0          ; 0    ; 0            ; 1 (1)        ; 0 (0)             ; 0 (0)            ; 0 (0)           ; 0 (0)      ; |design|alu:arithmetic_logical_unit|kogge_stone:op6|lookahead:la|grey_cell:w0                       ; grey_cell   ; work         ;
;             |grey_cell:w1|                       ; 2 (2)       ; 0            ; 0          ; 0    ; 0            ; 2 (2)        ; 0 (0)             ; 0 (0)            ; 0 (0)           ; 0 (0)      ; |design|alu:arithmetic_logical_unit|kogge_stone:op6|lookahead:la|grey_cell:w1                       ; grey_cell   ; work         ;
;             |grey_cell:w2|                       ; 2 (2)       ; 0            ; 0          ; 0    ; 0            ; 2 (2)        ; 0 (0)             ; 0 (0)            ; 0 (0)           ; 0 (0)      ; |design|alu:arithmetic_logical_unit|kogge_stone:op6|lookahead:la|grey_cell:w2                       ; grey_cell   ; work         ;
;             |grey_cell:w3|                       ; 2 (2)       ; 0            ; 0          ; 0    ; 0            ; 2 (2)        ; 0 (0)             ; 0 (0)            ; 0 (0)           ; 0 (0)      ; |design|alu:arithmetic_logical_unit|kogge_stone:op6|lookahead:la|grey_cell:w3                       ; grey_cell   ; work         ;
;             |grey_cell:w5|                       ; 4 (4)       ; 0            ; 0          ; 0    ; 0            ; 4 (4)        ; 0 (0)             ; 0 (0)            ; 0 (0)           ; 0 (0)      ; |design|alu:arithmetic_logical_unit|kogge_stone:op6|lookahead:la|grey_cell:w5                       ; grey_cell   ; work         ;
;       |mux:mu1|                                  ; 34 (34)     ; 0            ; 0          ; 0    ; 0            ; 34 (34)      ; 0 (0)             ; 0 (0)            ; 0 (0)           ; 0 (0)      ; |design|alu:arithmetic_logical_unit|mux:mu1                                                         ; mux         ; work         ;
+--------------------------------------------------+-------------+--------------+------------+------+--------------+--------------+-------------------+------------------+-----------------+------------+-----------------------------------------------------------------------------------------------------+-------------+--------------+
Note: For table entries with two numbers listed, the numbers in parentheses indicate the number of resources of the given type used by the specific entity alone. The numbers listed outside of parentheses indicate the total resources of the given type used by the specific entity and all of its sub-entities in the hierarchy.


+------------------------------------------------------+
; General Register Statistics                          ;
+----------------------------------------------+-------+
; Statistic                                    ; Value ;
+----------------------------------------------+-------+
; Total registers                              ; 0     ;
; Number of registers using Synchronous Clear  ; 0     ;
; Number of registers using Synchronous Load   ; 0     ;
; Number of registers using Asynchronous Clear ; 0     ;
; Number of registers using Asynchronous Load  ; 0     ;
; Number of registers using Clock Enable       ; 0     ;
; Number of registers using Preset             ; 0     ;
+----------------------------------------------+-------+


+----------------------------------------------------------------------------------------------------------------------------------------------------------------+
; Multiplexer Restructuring Statistics (Restructuring Performed)                                                                                                 ;
+--------------------+-----------+---------------+----------------------+------------------------+------------+--------------------------------------------------+
; Multiplexer Inputs ; Bus Width ; Baseline Area ; Area if Restructured ; Saving if Restructured ; Registered ; Example Multiplexer Output                       ;
+--------------------+-----------+---------------+----------------------+------------------------+------------+--------------------------------------------------+
; 7:1                ; 8 bits    ; 32 LEs        ; 32 LEs               ; 0 LEs                  ; No         ; |design|alu:arithmetic_logical_unit|mux:mu1|Mux7 ;
+--------------------+-----------+---------------+----------------------+------------------------+------------+--------------------------------------------------+


+----------------------------------------------------------------------------------------------------------------+
; Port Connectivity Checks: "alu:arithmetic_logical_unit|flag_controller:flag"                                   ;
+------+--------+----------+-------------------------------------------------------------------------------------+
; Port ; Type   ; Severity ; Details                                                                             ;
+------+--------+----------+-------------------------------------------------------------------------------------+
; c    ; Output ; Info     ; Connected to dangling logic. Logic that only feeds a dangling port will be removed. ;
; o    ; Output ; Info     ; Connected to dangling logic. Logic that only feeds a dangling port will be removed. ;
+------+--------+----------+-------------------------------------------------------------------------------------+


+-------------------------------+
; Analysis & Synthesis Messages ;
+-------------------------------+
Info: *******************************************************************
Info: Running Quartus Prime Analysis & Synthesis
    Info: Version 20.1.0 Build 711 06/05/2020 SJ Lite Edition
    Info: Processing started: Fri Jul 08 07:27:23 2022
Info: Command: quartus_map --read_settings_files=on --write_settings_files=off alu -c alu
Warning (18236): Number of processors has not been specified which may cause overloading on shared machines.  Set the global assignment NUM_PARALLEL_PROCESSORS in your QSF to an appropriate value for best performance.
Info (20030): Parallel compilation is enabled and will use 6 of the 6 processors detected
Warning (12090): Entity "mux" obtained from "muxes.vhdl" instead of from Quartus Prime megafunction library File: E:/ALU/muxes.vhdl Line: 4
Info (12021): Found 6 design units, including 3 entities, in source file muxes.vhdl
    Info (12022): Found design unit 1: mux-behave File: E:/ALU/muxes.vhdl Line: 12
    Info (12022): Found design unit 2: enabler-behave File: E:/ALU/muxes.vhdl Line: 50
    Info (12022): Found design unit 3: flag_controller-behave File: E:/ALU/muxes.vhdl Line: 73
    Info (12023): Found entity 1: mux File: E:/ALU/muxes.vhdl Line: 4
    Info (12023): Found entity 2: enabler File: E:/ALU/muxes.vhdl Line: 42
    Info (12023): Found entity 3: flag_controller File: E:/ALU/muxes.vhdl Line: 65
Info (12021): Found 10 design units, including 5 entities, in source file logical_blocks.vhdl
    Info (12022): Found design unit 1: xorblock-behave File: E:/ALU/logical_blocks.vhdl Line: 12
    Info (12022): Found design unit 2: norblock-behave File: E:/ALU/logical_blocks.vhdl Line: 28
    Info (12022): Found design unit 3: nandblock-behave File: E:/ALU/logical_blocks.vhdl Line: 44
    Info (12022): Found design unit 4: andblock-behave File: E:/ALU/logical_blocks.vhdl Line: 60
    Info (12022): Found design unit 5: orblock-behave File: E:/ALU/logical_blocks.vhdl Line: 76
    Info (12023): Found entity 1: xorblock File: E:/ALU/logical_blocks.vhdl Line: 5
    Info (12023): Found entity 2: norblock File: E:/ALU/logical_blocks.vhdl Line: 21
    Info (12023): Found entity 3: nandblock File: E:/ALU/logical_blocks.vhdl Line: 37
    Info (12023): Found entity 4: andblock File: E:/ALU/logical_blocks.vhdl Line: 53
    Info (12023): Found entity 5: orblock File: E:/ALU/logical_blocks.vhdl Line: 69
Info (12021): Found 6 design units, including 3 entities, in source file kogge_stone_lookahead.vhdl
    Info (12022): Found design unit 1: black_cell-behave File: E:/ALU/kogge_stone_lookahead.vhdl Line: 11
    Info (12022): Found design unit 2: grey_cell-behave File: E:/ALU/kogge_stone_lookahead.vhdl Line: 28
    Info (12022): Found design unit 3: lookahead-behave File: E:/ALU/kogge_stone_lookahead.vhdl Line: 44
    Info (12023): Found entity 1: black_cell File: E:/ALU/kogge_stone_lookahead.vhdl Line: 4
    Info (12023): Found entity 2: grey_cell File: E:/ALU/kogge_stone_lookahead.vhdl Line: 21
    Info (12023): Found entity 3: lookahead File: E:/ALU/kogge_stone_lookahead.vhdl Line: 36
Info (12021): Found 2 design units, including 1 entities, in source file kogge_stone.vhdl
    Info (12022): Found design unit 1: kogge_stone-behave File: E:/ALU/kogge_stone.vhdl Line: 15
    Info (12023): Found entity 1: kogge_stone File: E:/ALU/kogge_stone.vhdl Line: 6
Info (12021): Found 2 design units, including 1 entities, in source file full_adder.vhdl
    Info (12022): Found design unit 1: full_adder-behave File: E:/ALU/full_adder.vhdl Line: 11
    Info (12023): Found entity 1: full_adder File: E:/ALU/full_adder.vhdl Line: 4
Info (12021): Found 2 design units, including 1 entities, in source file alu.vhdl
    Info (12022): Found design unit 1: alu-behave File: E:/ALU/alu.vhdl Line: 14
    Info (12023): Found entity 1: alu File: E:/ALU/alu.vhdl Line: 4
Info (12021): Found 2 design units, including 1 entities, in source file testbench.vhdl
    Info (12022): Found design unit 1: Testbench-Behave File: E:/ALU/testbench.vhdl Line: 9
    Info (12023): Found entity 1: Testbench File: E:/ALU/testbench.vhdl Line: 7
Info (12021): Found 2 design units, including 1 entities, in source file design.vhdl
    Info (12022): Found design unit 1: design-behave File: E:/ALU/design.vhdl Line: 8
    Info (12023): Found entity 1: design File: E:/ALU/design.vhdl Line: 3
Info (12127): Elaborating entity "design" for the top level hierarchy
Info (12128): Elaborating entity "alu" for hierarchy "alu:arithmetic_logical_unit" File: E:/ALU/design.vhdl Line: 19
Warning (10540): VHDL Signal Declaration warning at alu.vhdl(87): used explicit default value for signal "highimp" because signal was never assigned a value File: E:/ALU/alu.vhdl Line: 87
Info (12128): Elaborating entity "xorblock" for hierarchy "alu:arithmetic_logical_unit|xorblock:op1" File: E:/ALU/alu.vhdl Line: 89
Info (12128): Elaborating entity "norblock" for hierarchy "alu:arithmetic_logical_unit|norblock:op2" File: E:/ALU/alu.vhdl Line: 90
Info (12128): Elaborating entity "nandblock" for hierarchy "alu:arithmetic_logical_unit|nandblock:op3" File: E:/ALU/alu.vhdl Line: 91
Info (12128): Elaborating entity "andblock" for hierarchy "alu:arithmetic_logical_unit|andblock:op4" File: E:/ALU/alu.vhdl Line: 92
Info (12128): Elaborating entity "orblock" for hierarchy "alu:arithmetic_logical_unit|orblock:op5" File: E:/ALU/alu.vhdl Line: 93
Info (12128): Elaborating entity "kogge_stone" for hierarchy "alu:arithmetic_logical_unit|kogge_stone:op6" File: E:/ALU/alu.vhdl Line: 94
Info (12128): Elaborating entity "lookahead" for hierarchy "alu:arithmetic_logical_unit|kogge_stone:op6|lookahead:la" File: E:/ALU/kogge_stone.vhdl Line: 39
Info (12128): Elaborating entity "black_cell" for hierarchy "alu:arithmetic_logical_unit|kogge_stone:op6|lookahead:la|black_cell:\first_layer_black:0:b0" File: E:/ALU/kogge_stone_lookahead.vhdl Line: 67
Info (12128): Elaborating entity "grey_cell" for hierarchy "alu:arithmetic_logical_unit|kogge_stone:op6|lookahead:la|grey_cell:w0" File: E:/ALU/kogge_stone_lookahead.vhdl Line: 70
Info (12128): Elaborating entity "full_adder" for hierarchy "alu:arithmetic_logical_unit|kogge_stone:op6|full_adder:\full_adders:0:fa" File: E:/ALU/kogge_stone.vhdl Line: 42
Info (12128): Elaborating entity "mux" for hierarchy "alu:arithmetic_logical_unit|mux:mu1" File: E:/ALU/alu.vhdl Line: 95
Info (12128): Elaborating entity "enabler" for hierarchy "alu:arithmetic_logical_unit|enabler:enable" File: E:/ALU/alu.vhdl Line: 108
Info (12128): Elaborating entity "flag_controller" for hierarchy "alu:arithmetic_logical_unit|flag_controller:flag" File: E:/ALU/alu.vhdl Line: 109
Warning (13046): Tri-state node(s) do not directly drive top-level pin(s)
    Warning (13049): Converted tri-state buffer "alu:arithmetic_logical_unit|comb~synth" feeding internal logic into a wire
    Warning (13049): Converted tri-state buffer "alu:arithmetic_logical_unit|comb~synth" feeding internal logic into a wire
    Warning (13049): Converted tri-state buffer "alu:arithmetic_logical_unit|comb~synth" feeding internal logic into a wire
    Warning (13049): Converted tri-state buffer "alu:arithmetic_logical_unit|comb~synth" feeding internal logic into a wire
    Warning (13049): Converted tri-state buffer "alu:arithmetic_logical_unit|comb~synth" feeding internal logic into a wire
    Warning (13049): Converted tri-state buffer "alu:arithmetic_logical_unit|comb~synth" feeding internal logic into a wire
    Warning (13049): Converted tri-state buffer "alu:arithmetic_logical_unit|comb~synth" feeding internal logic into a wire
    Warning (13049): Converted tri-state buffer "alu:arithmetic_logical_unit|comb~synth" feeding internal logic into a wire
Info (21057): Implemented 105 device resources after synthesis - the final resource count might be different
    Info (21058): Implemented 18 input pins
    Info (21059): Implemented 10 output pins
    Info (21061): Implemented 77 logic cells
Info: Quartus Prime Analysis & Synthesis was successful. 0 errors, 12 warnings
    Info: Peak virtual memory: 4762 megabytes
    Info: Processing ended: Fri Jul 08 07:27:35 2022
    Info: Elapsed time: 00:00:12
    Info: Total CPU time (on all processors): 00:00:26


